<?xml version="1.0" encoding="UTF-8"?>
<!-- Generated by org.testng.reporters.JUnitReportReporter -->
<testsuite hostname="DESKTOP-4T26L2U" failures="0" tests="2" name="zipCode.indianZipCode" time="2.750" errors="0" timestamp="2022-02-09T21:56:50 CET" skipped="0">
  <testcase classname="zipCode.indianZipCode" name="zipDENrw" time="2.458"/>
  <system-out/>
  <testcase classname="zipCode.indianZipCode" name="sameCityAPI" time="0.292"/>
  <system-out/>
</testsuite> <!-- zipCode.indianZipCode -->
