<?xml version="1.0" encoding="UTF-8"?>
<!-- Generated by org.testng.reporters.JUnitReportReporter -->
<testsuite hostname="DESKTOP-4T26L2U" failures="0" tests="3" name="zipCode.indianZipCode" time="2.955" errors="0" timestamp="2022-02-09T01:05:16 CET" skipped="0">
  <testcase classname="zipCode.indianZipCode" name="hardCodeZip" time="2.246"/>
  <system-out/>
  <testcase classname="zipCode.indianZipCode" name="inwalahidApiKey401" time="0.309"/>
  <system-out/>
  <testcase classname="zipCode.indianZipCode" name="zipUSOklahama" time="0.400"/>
  <system-out/>
</testsuite> <!-- zipCode.indianZipCode -->
