<?xml version="1.0" encoding="UTF-8"?>
<!-- Generated by org.testng.reporters.JUnitReportReporter -->
<testsuite hostname="DESKTOP-4T26L2U" failures="0" tests="1" name="zipCode.indianZipCode" time="3.081" errors="0" timestamp="2022-02-09T23:52:14 CET" skipped="0">
  <testcase classname="zipCode.indianZipCode" name="zipDENrw" time="3.081"/>
  <system-out/>
</testsuite> <!-- zipCode.indianZipCode -->
