<?xml version="1.0" encoding="UTF-8"?>
<!-- Generated by org.testng.reporters.JUnitReportReporter -->
<testsuite hostname="DESKTOP-4T26L2U" failures="0" tests="1" name="biya.acharya" time="2.442" errors="0" timestamp="2022-01-30T00:33:47 CET" skipped="0">
  <testcase classname="biya.acharya" name="latLoner" time="2.442"/>
  <system-out/>
</testsuite> <!-- biya.acharya -->
