<?xml version="1.0" encoding="UTF-8"?>
<!-- Generated by org.testng.reporters.JUnitReportReporter -->
<testsuite hostname="DESKTOP-4T26L2U" failures="0" tests="1" name="biya.acharya" time="1.764" errors="0" timestamp="2022-01-04T23:02:07 CET" skipped="0">
  <testcase classname="biya.acharya" name="alag" time="1.764"/>
  <system-out/>
</testsuite> <!-- biya.acharya -->
