<?xml version="1.0" encoding="UTF-8"?>
<!-- Generated by org.testng.reporters.JUnitReportReporter -->
<testsuite hostname="DESKTOP-4T26L2U" failures="0" tests="3" name="biya.acharya" time="3.019" errors="0" timestamp="2022-01-10T00:28:11 CET" skipped="0">
  <testcase classname="biya.acharya" name="Metrics_coords" time="2.317"/>
  <system-out/>
  <testcase classname="biya.acharya" name="Metrics_zip" time="0.354"/>
  <system-out/>
  <testcase classname="biya.acharya" name="Metrics_locId" time="0.348"/>
  <system-out/>
</testsuite> <!-- biya.acharya -->
