<?xml version="1.0" encoding="UTF-8"?>
<!-- Generated by org.testng.reporters.JUnitReportReporter -->
<testsuite hostname="DESKTOP-4T26L2U" failures="0" tests="1" name="biya.acharya" time="2.717" errors="0" timestamp="2022-01-25T01:03:56 CET" skipped="0">
  <testcase classname="biya.acharya" name="coordsLinesLoops" time="2.717"/>
  <system-out/>
</testsuite> <!-- biya.acharya -->
