<?xml version="1.0" encoding="UTF-8"?>
<!-- Generated by org.testng.reporters.JUnitReportReporter -->
<testsuite hostname="DESKTOP-4T26L2U" failures="0" tests="2" name="biya.acharya" time="4.290" errors="0" timestamp="2022-01-25T16:34:04 CET" skipped="0">
  <testcase classname="biya.acharya" name="coordsLinesLoops" time="3.838"/>
  <system-out/>
  <testcase classname="biya.acharya" name="coordsLinesLoopsLangDE" time="0.452"/>
  <system-out/>
</testsuite> <!-- biya.acharya -->
