<?xml version="1.0" encoding="UTF-8"?>
<!-- Generated by org.testng.reporters.JUnitReportReporter -->
<testsuite hostname="DESKTOP-4T26L2U" failures="0" tests="1" name="afcon.cameroon" time="6.709" errors="0" timestamp="2022-01-04T23:39:45 CET" skipped="0">
  <testcase classname="afcon.cameroon" name="SeBasicWeatherApp" time="6.709"/>
  <system-out/>
</testsuite> <!-- afcon.cameroon -->
